{"C:\\Users\\ferna\\Documents\\Fernando\\clean-react\\src\\data\\usecases\\authentication\\remote-authentication.ts": {"path":"C:\\Users\\ferna\\Documents\\Fernando\\clean-react\\src\\data\\usecases\\authentication\\remote-authentication.ts","statementMap":{"0":{"start":{"line":5,"column":21},"end":{"line":5,"column":32}},"1":{"start":{"line":6,"column":21},"end":{"line":6,"column":51}},"2":{"start":{"line":10,"column":4},"end":{"line":10,"column":null}},"3":{"start":{"line":3,"column":0},"end":{"line":3,"column":13}}},"fnMap":{"0":{"name":"(anonymous_7)","decl":{"start":{"line":4,"column":2},"end":{"line":4,"column":null}},"loc":{"start":{"line":6,"column":51},"end":{"line":7,"column":6}}},"1":{"name":"(anonymous_8)","decl":{"start":{"line":9,"column":8},"end":{"line":9,"column":12}},"loc":{"start":{"line":9,"column":12},"end":{"line":11,"column":null}}}},"branchMap":{},"s":{"0":1,"1":1,"2":1,"3":1},"f":{"0":1,"1":1},"b":{}}
}
